2025-01-02 20:36:24.899+0000 INFO  Logging config in use: File '/var/lib/neo4j/conf/user-logs.xml'
2025-01-02 20:36:24.924+0000 INFO  Starting...
2025-01-02 20:36:26.487+0000 INFO  This instance is ServerId{c05f1feb} (c05f1feb-176b-4600-9644-a1273498f368)
2025-01-02 20:36:28.411+0000 INFO  ======== Neo4j 5.26.0 ========
2025-01-02 20:36:31.973+0000 INFO  Anonymous Usage Data is being sent to Neo4j, see https://neo4j.com/docs/usage-data/
2025-01-02 20:36:32.027+0000 INFO  Bolt enabled on 0.0.0.0:7687.
2025-01-02 20:36:33.089+0000 INFO  HTTP enabled on 0.0.0.0:7474.
2025-01-02 20:36:33.090+0000 INFO  Remote interface available at http://localhost:7474/
2025-01-02 20:36:33.095+0000 INFO  id: 1BE7F26D001C369C1DB50B2D0E16BDB0736E80ABFE243EBD4597EF3C00710E36
2025-01-02 20:36:33.096+0000 INFO  name: system
2025-01-02 20:36:33.096+0000 INFO  creationDate: 2025-01-02T20:36:30.303Z
2025-01-02 20:36:33.097+0000 INFO  Started.
2025-01-02 20:38:23.736+0000 WARN  [bolt-15] The client is unauthorized due to authentication failure.
2025-01-02 20:38:23.998+0000 WARN  [bolt-16] The client is unauthorized due to authentication failure.
2025-01-02 20:38:24.241+0000 WARN  [bolt-17] The client is unauthorized due to authentication failure.
2025-01-02 20:39:55.865+0000 INFO  Neo4j Server shutdown initiated by request
2025-01-02 20:39:55.867+0000 INFO  Stopping...
2025-01-02 20:40:17.157+0000 INFO  Logging config in use: File '/var/lib/neo4j/conf/user-logs.xml'
2025-01-02 20:40:17.194+0000 INFO  Starting...
2025-01-02 20:40:19.896+0000 INFO  This instance is ServerId{c05f1feb} (c05f1feb-176b-4600-9644-a1273498f368)
2025-01-02 20:40:22.838+0000 INFO  ======== Neo4j 5.26.0 ========
2025-01-02 20:40:27.105+0000 INFO  Anonymous Usage Data is being sent to Neo4j, see https://neo4j.com/docs/usage-data/
2025-01-02 20:40:27.177+0000 INFO  Bolt enabled on 0.0.0.0:7687.
2025-01-02 20:40:28.752+0000 INFO  HTTP enabled on 0.0.0.0:7474.
2025-01-02 20:40:28.753+0000 INFO  Remote interface available at http://localhost:7474/
2025-01-02 20:40:28.758+0000 INFO  id: 1BE7F26D001C369C1DB50B2D0E16BDB0736E80ABFE243EBD4597EF3C00710E36
2025-01-02 20:40:28.759+0000 INFO  name: system
2025-01-02 20:40:28.759+0000 INFO  creationDate: 2025-01-02T20:36:30.303Z
2025-01-02 20:40:28.760+0000 INFO  Started.
2025-01-02 20:56:51.912+0000 INFO  Neo4j Server shutdown initiated by request
2025-01-02 20:56:51.912+0000 INFO  Stopping...
2025-01-02 20:56:57.448+0000 INFO  Stopped.
2025-01-03 07:50:20.932+0000 INFO  Logging config in use: File '/var/lib/neo4j/conf/user-logs.xml'
2025-01-03 07:50:20.959+0000 INFO  Starting...
2025-01-03 07:50:22.550+0000 INFO  This instance is ServerId{c05f1feb} (c05f1feb-176b-4600-9644-a1273498f368)
2025-01-03 07:50:25.086+0000 INFO  ======== Neo4j 5.26.0 ========
2025-01-03 07:50:29.244+0000 INFO  Anonymous Usage Data is being sent to Neo4j, see https://neo4j.com/docs/usage-data/
2025-01-03 07:50:29.356+0000 INFO  Bolt enabled on 0.0.0.0:7687.
2025-01-03 07:50:30.926+0000 INFO  HTTP enabled on 0.0.0.0:7474.
2025-01-03 07:50:30.928+0000 INFO  Remote interface available at http://localhost:7474/
2025-01-03 07:50:30.933+0000 INFO  id: 1BE7F26D001C369C1DB50B2D0E16BDB0736E80ABFE243EBD4597EF3C00710E36
2025-01-03 07:50:30.934+0000 INFO  name: system
2025-01-03 07:50:30.934+0000 INFO  creationDate: 2025-01-02T20:36:30.303Z
2025-01-03 07:50:30.935+0000 INFO  Started.
